<?xml version="1.0" encoding="UTF-8"?>
<!-- Generated by org.testng.reporters.JUnitReportReporter -->
<testsuite hostname="NgHà" failures="0" tests="10" name="testcase.LoginTest" time="60.706" errors="0" timestamp="2025-12-01T21:40:30 ICT" skipped="0">
  <testcase classname="testcase.LoginTest" name="TC07_Login_LongUser" time="6.176"/>
  <testcase classname="testcase.LoginTest" name="TC02_ReporterLogin_Success" time="5.567"/>
  <testcase classname="testcase.LoginTest" name="TC03_AdminWrongPassword" time="8.870"/>
  <testcase classname="testcase.LoginTest" name="TC09_Login_WhitespaceTrim" time="5.717"/>
  <testcase classname="testcase.LoginTest" name="TC01_AdminLogin_Success" time="5.877"/>
  <testcase classname="testcase.LoginTest" name="TC04_AdminEmptyUser" time="5.953"/>
  <testcase classname="testcase.LoginTest" name="TC08_Login_XSSAttempt" time="5.646"/>
  <testcase classname="testcase.LoginTest" name="TC05_AdminEmptyPassword" time="5.633"/>
  <testcase classname="testcase.LoginTest" name="TC06_Login_SQLInjection" time="5.671"/>
  <testcase classname="testcase.LoginTest" name="TC10_Login_ReporterWrongPassword" time="5.596"/>
</testsuite> <!-- testcase.LoginTest -->
